c:\универ\3сем\яп\кп\lp_courseproject\lp_courseproject\debug\vc142.pdb
c:\универ\3сем\яп\кп\lp_courseproject\lp_courseproject\debug\vc142.idb
c:\универ\3сем\яп\кп\lp_courseproject\lp_courseproject\debug\semantics.obj
c:\универ\3сем\яп\кп\lp_courseproject\lp_courseproject\debug\parm.obj
c:\универ\3сем\яп\кп\lp_courseproject\lp_courseproject\debug\out.obj
c:\универ\3сем\яп\кп\lp_courseproject\lp_courseproject\debug\mfst.obj
c:\универ\3сем\яп\кп\lp_courseproject\lp_courseproject\debug\main.obj
c:\универ\3сем\яп\кп\lp_courseproject\lp_courseproject\debug\lt.obj
c:\универ\3сем\яп\кп\lp_courseproject\lp_courseproject\debug\log.obj
c:\универ\3сем\яп\кп\lp_courseproject\lp_courseproject\debug\it.obj
c:\универ\3сем\яп\кп\lp_courseproject\lp_courseproject\debug\in.obj
c:\универ\3сем\яп\кп\lp_courseproject\lp_courseproject\debug\grb.obj
c:\универ\3сем\яп\кп\lp_courseproject\lp_courseproject\debug\fst.obj
c:\универ\3сем\яп\кп\lp_courseproject\lp_courseproject\debug\error.obj
c:\универ\3сем\яп\кп\lp_courseproject\lp_courseproject\debug\codegen.obj
c:\универ\3сем\яп\кп\lp_courseproject\debug\lp_courseproject.ilk
c:\универ\3сем\яп\кп\lp_courseproject\debug\lp_courseproject.exe
c:\универ\3сем\яп\кп\lp_courseproject\debug\lp_courseproject.pdb
c:\универ\3сем\яп\кп\lp_courseproject\lp_courseproject\debug\lp_courseproject.tlog\cl.command.1.tlog
c:\универ\3сем\яп\кп\lp_courseproject\lp_courseproject\debug\lp_courseproject.tlog\cl.read.1.tlog
c:\универ\3сем\яп\кп\lp_courseproject\lp_courseproject\debug\lp_courseproject.tlog\cl.write.1.tlog
c:\универ\3сем\яп\кп\lp_courseproject\lp_courseproject\debug\lp_courseproject.tlog\link.command.1.tlog
c:\универ\3сем\яп\кп\lp_courseproject\lp_courseproject\debug\lp_courseproject.tlog\link.read.1.tlog
c:\универ\3сем\яп\кп\lp_courseproject\lp_courseproject\debug\lp_courseproject.tlog\link.write.1.tlog
