Тэст:без памылак
--- Пратакол --- 
Дата: 16.12.2020 23:38:33
--- Параметры --- 
-in : C:\Универ\3сем\ЯП\КП\LP_CourseProject\Кампілятар\in.txt
-out: C:\Универ\3сем\ЯП\КП\LP_CourseProject\Кампілятар\in.txt.out
-log: C:\Универ\3сем\ЯП\КП\LP_CourseProject\Кампілятар\in.txt.log
--- Зыходныя дадзеныя --- 
Колькасць знакаў : 602
Колькасць радкоў    : 39
--- Аналіз --- 
--- Табліца лексем ---

01  q
02  l
03  tfi(ti,ti,ti)
04  {
05  dti;
06  i=ivi(i,i);
07  ri;
08  }
10  tfi()
11  {
12  dti=l;
13  dti=l;
14  dti=l;
15  dti=l;
16  dti=l;
17  i=lvi;
19  i=i(i,l);
20  i=i(i,l);
21  p(i);
22  i=l;
23  I(i(i,i,l))
24  {
25  i=(i(i,l));
26  p(i);
27  }
28  E
29  {
30  p(l);
31  }
32  i=l;
33  w(ivl)
34  {
35  i=ivl;
36  p(i);
37  }
38  rl;
39  }
--- Табліца ідэнтыфікатараў ---
Функцыя comm:параўнаць тыпу лагічны
Параметр :а тыпу радок
Параметр :б тыпу радок
Функцыя comm:ступень тыпу цэлы
Параметр :а тыпу цэлы
Параметр :б тыпу цэлы
Літэрал тыпа радок са значэннем "KDVLib.txt"
Функцыя comm:меньшступені тыпу лагічны
Параметр меньшступені:s тыпу цэлы
Параметр меньшступені:v тыпу цэлы
Параметр меньшступені:p тыпу цэлы
Пераменная меньшступені:result тыпу лагічны
Функцыя comm:галоўная тыпу цэлы
Пераменная галоўная:w1 тыпу цэлы
Літэрал тыпа цэлы са значэннем -83
Пераменная галоўная:w2 тыпу цэлы
Літэрал тыпа цэлы са значэннем 21
Пераменная галоўная:result тыпу лагічны
Літэрал тыпа Пераменная галоўная:b тыпу радок
Літэрал тыпа радок са значэннем "цікавая інфармацыя"
Пераменная галоўная:f тыпу радок
Літэрал тыпа радок са значэннем "не цікавая інфармацыя"
Літэрал тыпа цэлы са значэннем 5
Літэрал тыпа цэлы са значэннем 2
Літэрал тыпа цэлы са значэннем 3
Літэрал тыпа Літэрал тыпа цэлы са значэннем 0
Літэрал тыпа цэлы са значэннем 4
Літэрал тыпа цэлы са значэннем 1

--- Дрэва разбору ---
0   : S->qlS              
2   : S->tfi(F){NrE;}S    
6   : F->ti,F             
9   : F->ti,F             
12  : F->ti               
16  : N->dti;N            
20  : N->i=E;             
22  : E->iM               
23  : M->vE               
24  : E->i(W)             
26  : W->i,W              
28  : W->i                
32  : E->i                
35  : S->tfi(){NrE;}      
41  : N->dti=E;N          
45  : E->l                
47  : N->dti=E;N          
51  : E->l                
53  : N->dti=E;N          
57  : E->l                
59  : N->dti=E;N          
63  : E->l                
65  : N->dti=E;N          
69  : E->l                
71  : N->i=E;N            
73  : E->lM               
74  : M->vE               
75  : E->i                
77  : N->i=E;N            
79  : E->i(W)             
81  : W->i,W              
83  : W->l                
86  : N->i=E;N            
88  : E->i(W)             
90  : W->i,W              
92  : W->l                
95  : N->pE;N             
96  : E->(E)              
97  : E->i                
100 : N->i=E;N            
102 : E->l                
104 : N->I(E){N}E{N}N     
106 : E->i(W)             
108 : W->i,W              
110 : W->i,W              
112 : W->l                
116 : N->i=E;N            
118 : E->(E)              
119 : E->i(W)             
121 : W->i,W              
123 : W->l                
127 : N->pE;              
128 : E->(E)              
129 : E->i                
135 : N->pE;              
136 : E->(E)              
137 : E->l                
141 : N->i=E;N            
143 : E->l                
145 : N->w(EM){N}         
147 : E->i                
148 : M->vE               
149 : E->l                
152 : N->i=E;N            
154 : E->iM               
155 : M->vE               
156 : E->l                
158 : N->pE;              
159 : E->(E)              
160 : E->i                
165 : E->l                
